<?xml version="1.0" encoding="UTF-8"?>
<!-- Generated by org.testng.reporters.JUnitReportReporter -->
<testsuite skipped="0" hostname="elhoufi" name="com.qa.tests.DemoTest" tests="4" failures="0" timestamp="29 mars 2019 03:27:25 GMT" time="0.036" errors="0">
  <testcase name="sub" time="0.002" classname="com.qa.tests.DemoTest"/>
  <testcase name="sum" time="0.002" classname="com.qa.tests.DemoTest"/>
  <testcase name="div" time="0.027" classname="com.qa.tests.DemoTest"/>
  <testcase name="multi" time="0.005" classname="com.qa.tests.DemoTest"/>
</testsuite> <!-- com.qa.tests.DemoTest -->
