<?xml version="1.0" encoding="UTF-8"?>
<!-- Generated by org.testng.reporters.JUnitReportReporter -->
<testsuite skipped="0" hostname="elhoufi" name="MavenDemoTest.MavenDemoTest.AppTest" tests="1" failures="0" timestamp="29 mars 2019 03:51:15 GMT" time="0.001" errors="0">
  <testcase name="testApp" time="0.001" classname="MavenDemoTest.MavenDemoTest.AppTest"/>
</testsuite> <!-- MavenDemoTest.MavenDemoTest.AppTest -->
